<?xml version="1.0" encoding="UTF-8"?>
<!-- Generated by org.testng.reporters.JUnitXMLReporter -->
<testsuite hostname="DESKTOP-8TC4ISE" ignored="0" name="Test" tests="1" failures="1" timestamp="15 Dec 2019 00:33:17 GMT" time="4.771" errors="0">
  <testcase name="shippingTest" time="0.194" classname="ups.pack.testRunner.UpsShippingTest">
    <failure type="org.openqa.selenium.ElementClickInterceptedException" message="element click intercepted: Element &amp;lt;a href=&amp;quot;https://www.ups.com/ship?loc=en_US&amp;quot; class=&amp;quot;ups-analytics&amp;quot; data-content-block-id=&amp;quot;M1&amp;quot; data-event-id=&amp;quot;21&amp;quot;&amp;gt;...&amp;lt;/a&amp;gt; is not clickable at point (203, 214). Other element would receive the click: &amp;lt;a href=&amp;quot;/us/en/shipping.page?&amp;quot; class=&amp;quot;ups-analytics ups-menu_cta&amp;quot; data-content-block-id=&amp;quot;M1&amp;quot; data-event-id=&amp;quot;21&amp;quot;&amp;gt;...&amp;lt;/a&amp;gt;
  (Session info: chrome=79.0.3945.79)
Build info: version: &amp;apos;3.141.59&amp;apos;, revision: &amp;apos;e82be7d358&amp;apos;, time: &amp;apos;2018-11-14T08:17:03&amp;apos;
System info: host: &amp;apos;DESKTOP-8TC4ISE&amp;apos;, ip: &amp;apos;10.0.0.40&amp;apos;, os.name: &amp;apos;Windows 10&amp;apos;, os.arch: &amp;apos;amd64&amp;apos;, os.version: &amp;apos;10.0&amp;apos;, java.version: &amp;apos;1.8.0_221&amp;apos;
Driver info: org.openqa.selenium.chrome.ChromeDriver
Capabilities {acceptInsecureCerts: false, browserName: chrome, browserVersion: 79.0.3945.79, chrome: {chromedriverVersion: 78.0.3904.70 (edb9c9f3de024..., userDataDir: C:\Users\zebju\AppData\Loca...}, goog:chromeOptions: {debuggerAddress: localhost:63683}, javascriptEnabled: true, networkConnectionEnabled: false, pageLoadStrategy: normal, platform: XP, platformName: XP, proxy: Proxy(), setWindowRect: true, strictFileInteractability: false, timeouts: {implicit: 0, pageLoad: 300000, script: 30000}, unhandledPromptBehavior: dismiss and notify}
Session ID: b66ed0ee873b05c7d8e11f647b35a7fc">
      <![CDATA[org.openqa.selenium.ElementClickInterceptedException: element click intercepted: Element <a href="https://www.ups.com/ship?loc=en_US" class="ups-analytics" data-content-block-id="M1" data-event-id="21">...</a> is not clickable at point (203, 214). Other element would receive the click: <a href="/us/en/shipping.page?" class="ups-analytics ups-menu_cta" data-content-block-id="M1" data-event-id="21">...</a>
  (Session info: chrome=79.0.3945.79)
Build info: version: '3.141.59', revision: 'e82be7d358', time: '2018-11-14T08:17:03'
System info: host: 'DESKTOP-8TC4ISE', ip: '10.0.0.40', os.name: 'Windows 10', os.arch: 'amd64', os.version: '10.0', java.version: '1.8.0_221'
Driver info: org.openqa.selenium.chrome.ChromeDriver
Capabilities {acceptInsecureCerts: false, browserName: chrome, browserVersion: 79.0.3945.79, chrome: {chromedriverVersion: 78.0.3904.70 (edb9c9f3de024..., userDataDir: C:\Users\zebju\AppData\Loca...}, goog:chromeOptions: {debuggerAddress: localhost:63683}, javascriptEnabled: true, networkConnectionEnabled: false, pageLoadStrategy: normal, platform: XP, platformName: XP, proxy: Proxy(), setWindowRect: true, strictFileInteractability: false, timeouts: {implicit: 0, pageLoad: 300000, script: 30000}, unhandledPromptBehavior: dismiss and notify}
Session ID: b66ed0ee873b05c7d8e11f647b35a7fc
at org.openqa.selenium.remote.http.W3CHttpResponseCodec.createException(W3CHttpResponseCodec.java:187)
at org.openqa.selenium.remote.http.W3CHttpResponseCodec.decode(W3CHttpResponseCodec.java:122)
at org.openqa.selenium.remote.http.W3CHttpResponseCodec.decode(W3CHttpResponseCodec.java:49)
at org.openqa.selenium.remote.HttpCommandExecutor.execute(HttpCommandExecutor.java:158)
at org.openqa.selenium.remote.service.DriverCommandExecutor.execute(DriverCommandExecutor.java:83)
at org.openqa.selenium.remote.RemoteWebDriver.execute(RemoteWebDriver.java:552)
at org.openqa.selenium.remote.RemoteWebElement.execute(RemoteWebElement.java:285)
at org.openqa.selenium.remote.RemoteWebElement.click(RemoteWebElement.java:84)
at ups.pack.login.PageActions.ShippingPageActions.createShippingLink(ShippingPageActions.java:24)
at ups.pack.testRunner.UpsShippingTest.shippingTest(UpsShippingTest.java:35)
... Removed 29 stack frames]]>
    </failure>
  </testcase> <!-- shippingTest -->
</testsuite> <!-- Test -->
